<?xml version="1.0" encoding="UTF-8"?>
<!-- Generated by org.testng.reporters.JUnitXMLReporter -->
<testsuite hostname="DESKTOP-PR07NF6" ignored="0" name="Default test(failed)" tests="1" failures="1" timestamp="02 Dec 2017 05:30:20 GMT" time="20.042" errors="0">
  <testcase name="loginWithExcel" time="19.886" classname="Testcases.SanityTestingUsingExcel">
    <failure type="java.lang.NullPointerException">
      <![CDATA[java.lang.NullPointerException
	at Utility.ExcelReader.getData(ExcelReader.java:30)
	at Testcases.SanityTestingUsingExcel.loginWithExcel(SanityTestingUsingExcel.java:28)
... Removed 25 stack frames]]>
    </failure>
  </testcase> <!-- loginWithExcel -->
</testsuite> <!-- Default test(failed) -->
