<?xml version="1.0" encoding="UTF-8"?>
<!-- Generated by org.testng.reporters.JUnitXMLReporter -->
<testsuite hostname="DESKTOP-PR07NF6" ignored="0" name="Test" tests="1" failures="1" timestamp="08 Dec 2017 01:42:58 GMT" time="22.936" errors="0">
  <testcase name="loginWithExcel" time="22.747" classname="Testcases.SanityTestingUsingExcel">
    <failure type="java.lang.NullPointerException">
      <![CDATA[java.lang.NullPointerException
	at Utility.ExcelReader.getData(ExcelReader.java:33)
	at Testcases.SanityTestingUsingExcel.loginWithExcel(SanityTestingUsingExcel.java:32)
... Removed 25 stack frames]]>
    </failure>
  </testcase> <!-- loginWithExcel -->
</testsuite> <!-- Test -->
