<?xml version="1.0" encoding="UTF-8"?>
<!-- Generated by org.testng.reporters.JUnitXMLReporter -->
<testsuite hostname="DESKTOP-PR07NF6" ignored="0" name="ChromeTest" tests="1" failures="1" timestamp="17 Feb 2018 14:37:34 GMT" time="12.503" errors="0">
  <testcase name="@AfterMethod tearDown" time="0.0" classname="Testcases.SanityTestingUsingExcel">
    <failure type="java.lang.NullPointerException">
      <![CDATA[java.lang.NullPointerException
	at Testcases.SanityTestingUsingExcel.tearDown(SanityTestingUsingExcel.java:42)
	at java.util.concurrent.FutureTask.run(FutureTask.java:266)
	at java.util.concurrent.ThreadPoolExecutor.runWorker(ThreadPoolExecutor.java:1149)
	at java.util.concurrent.ThreadPoolExecutor$Worker.run(ThreadPoolExecutor.java:624)
	at java.lang.Thread.run(Thread.java:748)
... Removed 18 stack frames]]>
    </failure>
  </testcase> <!-- @AfterMethod tearDown -->
  <testcase name="loginWithExcel" time="9.937" classname="Testcases.SanityTestingUsingExcel">
    <failure type="java.lang.NullPointerException">
      <![CDATA[java.lang.NullPointerException
	at Utility.ExcelReader.getData(ExcelReader.java:56)
	at Testcases.SanityTestingUsingExcel.loginWithExcel(SanityTestingUsingExcel.java:32)
	at java.util.concurrent.FutureTask.run(FutureTask.java:266)
	at java.util.concurrent.ThreadPoolExecutor.runWorker(ThreadPoolExecutor.java:1149)
	at java.util.concurrent.ThreadPoolExecutor$Worker.run(ThreadPoolExecutor.java:624)
	at java.lang.Thread.run(Thread.java:748)
... Removed 16 stack frames]]>
    </failure>
  </testcase> <!-- loginWithExcel -->
</testsuite> <!-- ChromeTest -->
