<?xml version="1.0" encoding="UTF-8"?>
<!-- Generated by org.testng.reporters.JUnitXMLReporter -->
<testsuite hostname="DESKTOP-PR07NF6" ignored="0" name="IETest" tests="2" failures="0" timestamp="18 Jun 2018 02:57:55 GMT" time="2.572" errors="0">
  <testcase name="@AfterMethod tearDown" time="0.002" classname="Testcases.SanityTestingUsingExcel">
    <failure type="java.lang.NullPointerException">
      <![CDATA[java.lang.NullPointerException
	at Testcases.SanityTestingUsingExcel.tearDown(SanityTestingUsingExcel.java:43)
	at java.util.concurrent.FutureTask.run(FutureTask.java:266)
	at java.util.concurrent.ThreadPoolExecutor.runWorker(ThreadPoolExecutor.java:1149)
	at java.util.concurrent.ThreadPoolExecutor$Worker.run(ThreadPoolExecutor.java:624)
	at java.lang.Thread.run(Thread.java:748)
... Removed 18 stack frames]]>
    </failure>
  </testcase> <!-- @AfterMethod tearDown -->
  <testcase name="loginWithExcel" time="2.52" classname="Testcases.SanityTestingUsingExcel">
    <skipped/>
  </testcase> <!-- loginWithExcel -->
  <testcase name="loginWithExcel" time="0.0" classname="Testcases.SanityTestingUsingExcel">
    <skipped/>
  </testcase> <!-- loginWithExcel -->
</testsuite> <!-- IETest -->
