<?xml version="1.0" encoding="UTF-8"?>
<testsuite xmlns:xsi="http://www.w3.org/2001/XMLSchema-instance" xsi:schemaLocation="https://maven.apache.org/surefire/maven-surefire-plugin/xsd/surefire-test-report.xsd" name="TestSuite" time="14.385" tests="5" errors="0" skipped="0" failures="5">
  <properties>
[...]
</properties>
  <testcase name="loginWithExcel" classname="Testcases.SanityTestingUsingExcel" time="0.18">
    <failure message="The path to the driver executable must be set by the webdriver.gecko.driver system property; for more information, see https://github.com/mozilla/geckodriver. The latest version can be downloaded from https://github.com/mozilla/geckodriver/releases" type="java.lang.IllegalStateException">java.lang.IllegalStateException: The path to the driver executable must be set by the webdriver.gecko.driver system property; for more information, see https://github.com/mozilla/geckodriver. The latest version can be downloaded from https://github.com/mozilla/geckodriver/releases
	at Testcases.SanityTestingUsingExcel.loginWithExcel(SanityTestingUsingExcel.java:28)
</failure>
    <system-out><![CDATA[Test case is about to started and test case details are: loginWithExcel
Test case is about to started and test case details are: loginWithExcel
Test case is about to started and test case details are: loginWithExcel
Test case is failed and test case details are: loginWithExcel
]]></system-out>
  </testcase>
  <testcase name="loginWithExcel" classname="Testcases.SanityTestingUsingExcel" time="1.538">
    <failure message="Unexpected error launching Internet Explorer. Protected Mode settings are not the same for all zones. Enable Protected Mode must be set to the same value (enabled or disabled) for all zones.&#10;Build info: version: &apos;3.7.1&apos;, revision: &apos;8a0099a&apos;, time: &apos;2017-11-06T21:01:39.354Z&apos;&#10;System info: host: &apos;DESKTOP-PR07NF6&apos;, ip: &apos;192.168.0.103&apos;, os.name: &apos;Windows 10&apos;, os.arch: &apos;amd64&apos;, os.version: &apos;10.0&apos;, java.version: &apos;1.8.0_151&apos;&#10;Driver info: driver.version: InternetExplorerDriver&#10;remote stacktrace: " type="org.openqa.selenium.SessionNotCreatedException">org.openqa.selenium.SessionNotCreatedException: 
Unexpected error launching Internet Explorer. Protected Mode settings are not the same for all zones. Enable Protected Mode must be set to the same value (enabled or disabled) for all zones.
Build info: version: '3.7.1', revision: '8a0099a', time: '2017-11-06T21:01:39.354Z'
System info: host: 'DESKTOP-PR07NF6', ip: '192.168.0.103', os.name: 'Windows 10', os.arch: 'amd64', os.version: '10.0', java.version: '1.8.0_151'
Driver info: driver.version: InternetExplorerDriver
remote stacktrace: 
	at Testcases.SanityTestingUsingExcel.loginWithExcel(SanityTestingUsingExcel.java:28)
</failure>
    <system-out><![CDATA[Test case is failed and test case details are: loginWithExcel
]]></system-out>
    <system-err><![CDATA[Started InternetExplorerDriver server (64-bit)
3.7.0.0
Listening on port 22290
Only local connections are allowed
Starting ChromeDriver 2.33.506120 (e3e53437346286c0bc2d2dc9aa4915ba81d9023f) on port 29862
Only local connections are allowed.
]]></system-err>
  </testcase>
  <testcase name="loginWithExcel" classname="Testcases.SanityTestingUsingExcel" time="9.93">
    <failure type="java.lang.NullPointerException">java.lang.NullPointerException
	at Testcases.SanityTestingUsingExcel.loginWithExcel(SanityTestingUsingExcel.java:32)
</failure>
    <system-out><![CDATA[Test case is failed and test case details are: loginWithExcel
]]></system-out>
    <system-err><![CDATA[Feb 17, 2018 8:07:25 PM org.openqa.selenium.remote.ProtocolHandshake createSession
INFO: Detected dialect: OSS
]]></system-err>
  </testcase>
  <testcase name="tearDown" classname="Testcases.SanityTestingUsingExcel" time="0.182">
    <failure type="java.lang.NullPointerException">java.lang.NullPointerException
	at Testcases.SanityTestingUsingExcel.tearDown(SanityTestingUsingExcel.java:42)
</failure>
    <system-out><![CDATA[nullwhile taking screenshot,
]]></system-out>
  </testcase>
  <testcase name="tearDown" classname="Testcases.SanityTestingUsingExcel" time="1.538">
    <failure type="java.lang.NullPointerException">java.lang.NullPointerException
	at Testcases.SanityTestingUsingExcel.tearDown(SanityTestingUsingExcel.java:42)
</failure>
    <system-out><![CDATA[nullwhile taking screenshot,
]]></system-out>
  </testcase>
</testsuite>